2026-05-04 00:00:33 [http-nio-8080-exec-3] WARN  com.credit.exception.GlobalExceptionHandler - Validation failed for /api/loans: [ValidationErrorDetail(field=amount, rejectedValue=-5000.0, message=amount должен быть положительным)]
2026-05-04 00:13:32 [SpringApplicationShutdownHook] INFO  org.springframework.boot.tomcat.GracefulShutdown - Commencing graceful shutdown. Waiting for active requests to complete
2026-05-04 00:13:32 [tomcat-shutdown] INFO  org.springframework.boot.tomcat.GracefulShutdown - Graceful shutdown complete
2026-05-04 00:13:32 [SpringApplicationShutdownHook] INFO  org.springframework.orm.jpa.LocalContainerEntityManagerFactoryBean - Closing JPA EntityManagerFactory for persistence unit 'default'
2026-05-04 00:13:32 [SpringApplicationShutdownHook] INFO  com.zaxxer.hikari.HikariDataSource - HikariPool-1 - Shutdown initiated...
2026-05-04 00:13:32 [SpringApplicationShutdownHook] INFO  com.zaxxer.hikari.HikariDataSource - HikariPool-1 - Shutdown completed.
2026-05-04 09:23:11 [background-preinit] INFO  org.hibernate.validator.internal.util.Version - HV000001: Hibernate Validator 9.0.1.Final
2026-05-04 09:23:11 [main] INFO  com.credit.Neobank1Application - Starting Neobank1Application using Java 25.0.2 with PID 21772 (C:\Users\matt\IdeaProjects\NNeobank\target\classes started by matt in C:\Users\matt\IdeaProjects\NNeobank)
2026-05-04 09:23:11 [main] DEBUG com.credit.Neobank1Application - Running with Spring Boot v4.0.3, Spring v7.0.5
2026-05-04 09:23:11 [main] INFO  com.credit.Neobank1Application - No active profile set, falling back to 1 default profile: "default"
2026-05-04 09:23:13 [main] INFO  org.springframework.data.repository.config.RepositoryConfigurationDelegate - Bootstrapping Spring Data JPA repositories in DEFAULT mode.
2026-05-04 09:23:13 [main] INFO  org.springframework.data.repository.config.RepositoryConfigurationDelegate - Finished Spring Data repository scanning in 64 ms. Found 5 JPA repository interfaces.
2026-05-04 09:23:14 [main] INFO  org.springframework.boot.tomcat.TomcatWebServer - Tomcat initialized with port 8080 (http)
2026-05-04 09:23:14 [main] INFO  org.apache.coyote.http11.Http11NioProtocol - Initializing ProtocolHandler ["http-nio-8080"]
2026-05-04 09:23:14 [main] INFO  org.apache.catalina.core.StandardService - Starting service [Tomcat]
2026-05-04 09:23:14 [main] INFO  org.apache.catalina.core.StandardEngine - Starting Servlet engine: [Apache Tomcat/11.0.18]
2026-05-04 09:23:14 [main] INFO  org.springframework.boot.web.context.servlet.WebApplicationContextInitializer - Root WebApplicationContext: initialization completed in 2815 ms
2026-05-04 09:23:14 [main] INFO  org.hibernate.orm.jpa - HHH008540: Processing PersistenceUnitInfo [name: default]
2026-05-04 09:23:14 [main] INFO  org.hibernate.orm.core - HHH000001: Hibernate ORM core version 7.2.4.Final
2026-05-04 09:23:15 [main] INFO  org.springframework.orm.jpa.persistenceunit.SpringPersistenceUnitInfo - No LoadTimeWeaver setup: ignoring JPA class transformer
2026-05-04 09:23:15 [main] INFO  com.zaxxer.hikari.HikariDataSource - HikariPool-1 - Starting...
2026-05-04 09:23:15 [main] INFO  com.zaxxer.hikari.pool.HikariPool - HikariPool-1 - Added connection org.postgresql.jdbc.PgConnection@6a8bcb64
2026-05-04 09:23:15 [main] INFO  com.zaxxer.hikari.HikariDataSource - HikariPool-1 - Start completed.
2026-05-04 09:23:16 [main] INFO  org.hibernate.orm.connections.pooling - HHH10001005: Database info:
	Database JDBC URL [jdbc:postgresql://localhost:5432/neobank]
	Database driver: PostgreSQL JDBC Driver
	Database dialect: PostgreSQLDialect
	Database version: 18.3
	Default catalog/schema: neobank/public
	Autocommit mode: undefined/unknown
	Isolation level: READ_COMMITTED [default READ_COMMITTED]
	JDBC fetch size: none
	Pool: DataSourceConnectionProvider
	Minimum pool size: undefined/unknown
	Maximum pool size: undefined/unknown
2026-05-04 09:23:17 [main] INFO  org.hibernate.orm.core - HHH000489: No JTA platform available (set 'hibernate.transaction.jta.platform' to enable JTA platform integration)
2026-05-04 09:23:17 [main] INFO  org.springframework.orm.jpa.LocalContainerEntityManagerFactoryBean - Initialized JPA EntityManagerFactory for persistence unit 'default'
2026-05-04 09:23:17 [main] INFO  org.springframework.data.jpa.repository.query.QueryEnhancerFactories - Hibernate is in classpath; If applicable, HQL parser will be used.
2026-05-04 09:23:19 [main] WARN  org.springframework.boot.jpa.autoconfigure.JpaBaseConfiguration$JpaWebConfiguration - spring.jpa.open-in-view is enabled by default. Therefore, database queries may be performed during view rendering. Explicitly configure spring.jpa.open-in-view to disable this warning
2026-05-04 09:23:20 [main] INFO  org.springframework.boot.actuate.endpoint.web.EndpointLinksResolver - Exposing 1 endpoint beneath base path '/actuator'
2026-05-04 09:23:20 [main] INFO  org.apache.coyote.http11.Http11NioProtocol - Starting ProtocolHandler ["http-nio-8080"]
2026-05-04 09:23:20 [main] INFO  org.springframework.boot.tomcat.TomcatWebServer - Tomcat started on port 8080 (http) with context path '/'
2026-05-04 09:23:20 [main] INFO  com.credit.Neobank1Application - Started Neobank1Application in 9.773 seconds (process running for 18.562)
2026-05-04 09:23:20 [main] WARN  org.springdoc.core.events.SpringDocAppInitializer - SpringDoc /v3/api-docs endpoint is enabled by default. To disable it in production, set the property 'springdoc.api-docs.enabled=false'
2026-05-04 09:23:20 [main] WARN  org.springdoc.core.events.SpringDocAppInitializer - SpringDoc /swagger-ui.html endpoint is enabled by default. To disable it in production, set the property 'springdoc.swagger-ui.enabled=false'
2026-05-04 09:23:20 [RMI TCP Connection(4)-172.17.88.50] INFO  org.apache.catalina.core.ContainerBase.[Tomcat].[localhost].[/] - Initializing Spring DispatcherServlet 'dispatcherServlet'
2026-05-04 09:23:20 [RMI TCP Connection(4)-172.17.88.50] INFO  org.springframework.web.servlet.DispatcherServlet - Initializing Servlet 'dispatcherServlet'
2026-05-04 09:23:20 [RMI TCP Connection(4)-172.17.88.50] INFO  org.springframework.web.servlet.DispatcherServlet - Completed initialization in 2 ms
2026-05-04 09:23:46 [SpringApplicationShutdownHook] INFO  org.springframework.boot.tomcat.GracefulShutdown - Commencing graceful shutdown. Waiting for active requests to complete
2026-05-04 09:23:46 [tomcat-shutdown] INFO  org.springframework.boot.tomcat.GracefulShutdown - Graceful shutdown complete
2026-05-04 09:23:46 [SpringApplicationShutdownHook] INFO  org.springframework.orm.jpa.LocalContainerEntityManagerFactoryBean - Closing JPA EntityManagerFactory for persistence unit 'default'
2026-05-04 09:23:46 [SpringApplicationShutdownHook] INFO  com.zaxxer.hikari.HikariDataSource - HikariPool-1 - Shutdown initiated...
2026-05-04 09:23:46 [SpringApplicationShutdownHook] INFO  com.zaxxer.hikari.HikariDataSource - HikariPool-1 - Shutdown completed.
2026-05-04 09:28:52 [background-preinit] INFO  org.hibernate.validator.internal.util.Version - HV000001: Hibernate Validator 9.0.1.Final
2026-05-04 09:28:53 [main] INFO  com.credit.Neobank1Application - Starting Neobank1Application using Java 25.0.2 with PID 16668 (C:\Users\matt\IdeaProjects\NNeobank\target\classes started by matt in C:\Users\matt\IdeaProjects\NNeobank)
2026-05-04 09:28:53 [main] DEBUG com.credit.Neobank1Application - Running with Spring Boot v4.0.3, Spring v7.0.5
2026-05-04 09:28:53 [main] INFO  com.credit.Neobank1Application - No active profile set, falling back to 1 default profile: "default"
2026-05-04 09:28:53 [main] INFO  org.springframework.data.repository.config.RepositoryConfigurationDelegate - Bootstrapping Spring Data JPA repositories in DEFAULT mode.
2026-05-04 09:28:54 [main] INFO  org.springframework.data.repository.config.RepositoryConfigurationDelegate - Finished Spring Data repository scanning in 53 ms. Found 5 JPA repository interfaces.
2026-05-04 09:28:54 [main] INFO  org.springframework.boot.tomcat.TomcatWebServer - Tomcat initialized with port 8080 (http)
2026-05-04 09:28:54 [main] INFO  org.apache.coyote.http11.Http11NioProtocol - Initializing ProtocolHandler ["http-nio-8080"]
2026-05-04 09:28:54 [main] INFO  org.apache.catalina.core.StandardService - Starting service [Tomcat]
2026-05-04 09:28:54 [main] INFO  org.apache.catalina.core.StandardEngine - Starting Servlet engine: [Apache Tomcat/11.0.18]
2026-05-04 09:28:54 [main] INFO  org.springframework.boot.web.context.servlet.WebApplicationContextInitializer - Root WebApplicationContext: initialization completed in 1702 ms
2026-05-04 09:28:55 [main] INFO  org.hibernate.orm.jpa - HHH008540: Processing PersistenceUnitInfo [name: default]
2026-05-04 09:28:55 [main] INFO  org.hibernate.orm.core - HHH000001: Hibernate ORM core version 7.2.4.Final
2026-05-04 09:28:55 [main] INFO  org.springframework.orm.jpa.persistenceunit.SpringPersistenceUnitInfo - No LoadTimeWeaver setup: ignoring JPA class transformer
2026-05-04 09:28:55 [main] INFO  com.zaxxer.hikari.HikariDataSource - HikariPool-1 - Starting...
2026-05-04 09:28:55 [main] INFO  com.zaxxer.hikari.pool.HikariPool - HikariPool-1 - Added connection org.postgresql.jdbc.PgConnection@7e4dddee
2026-05-04 09:28:55 [main] INFO  com.zaxxer.hikari.HikariDataSource - HikariPool-1 - Start completed.
2026-05-04 09:28:55 [main] INFO  org.hibernate.orm.connections.pooling - HHH10001005: Database info:
	Database JDBC URL [jdbc:postgresql://localhost:5432/neobank]
	Database driver: PostgreSQL JDBC Driver
	Database dialect: PostgreSQLDialect
	Database version: 18.3
	Default catalog/schema: neobank/public
	Autocommit mode: undefined/unknown
	Isolation level: READ_COMMITTED [default READ_COMMITTED]
	JDBC fetch size: none
	Pool: DataSourceConnectionProvider
	Minimum pool size: undefined/unknown
	Maximum pool size: undefined/unknown
2026-05-04 09:28:56 [main] INFO  org.hibernate.orm.core - HHH000489: No JTA platform available (set 'hibernate.transaction.jta.platform' to enable JTA platform integration)
2026-05-04 09:28:56 [main] INFO  org.springframework.orm.jpa.LocalContainerEntityManagerFactoryBean - Initialized JPA EntityManagerFactory for persistence unit 'default'
2026-05-04 09:28:57 [main] INFO  org.springframework.data.jpa.repository.query.QueryEnhancerFactories - Hibernate is in classpath; If applicable, HQL parser will be used.
2026-05-04 09:28:58 [main] WARN  org.springframework.boot.jpa.autoconfigure.JpaBaseConfiguration$JpaWebConfiguration - spring.jpa.open-in-view is enabled by default. Therefore, database queries may be performed during view rendering. Explicitly configure spring.jpa.open-in-view to disable this warning
2026-05-04 09:28:58 [main] INFO  org.springframework.boot.actuate.endpoint.web.EndpointLinksResolver - Exposing 1 endpoint beneath base path '/actuator'
2026-05-04 09:28:58 [main] INFO  org.apache.coyote.http11.Http11NioProtocol - Starting ProtocolHandler ["http-nio-8080"]
2026-05-04 09:28:58 [main] INFO  org.springframework.boot.tomcat.TomcatWebServer - Tomcat started on port 8080 (http) with context path '/'
2026-05-04 09:28:58 [main] INFO  com.credit.Neobank1Application - Started Neobank1Application in 6.359 seconds (process running for 7.235)
2026-05-04 09:28:58 [main] WARN  org.springdoc.core.events.SpringDocAppInitializer - SpringDoc /v3/api-docs endpoint is enabled by default. To disable it in production, set the property 'springdoc.api-docs.enabled=false'
2026-05-04 09:28:58 [main] WARN  org.springdoc.core.events.SpringDocAppInitializer - SpringDoc /swagger-ui.html endpoint is enabled by default. To disable it in production, set the property 'springdoc.swagger-ui.enabled=false'
2026-05-04 09:28:59 [RMI TCP Connection(4)-100.127.255.253] INFO  org.apache.catalina.core.ContainerBase.[Tomcat].[localhost].[/] - Initializing Spring DispatcherServlet 'dispatcherServlet'
2026-05-04 09:28:59 [RMI TCP Connection(4)-100.127.255.253] INFO  org.springframework.web.servlet.DispatcherServlet - Initializing Servlet 'dispatcherServlet'
2026-05-04 09:28:59 [RMI TCP Connection(4)-100.127.255.253] INFO  org.springframework.web.servlet.DispatcherServlet - Completed initialization in 5 ms
2026-05-04 09:29:52 [http-nio-8080-exec-1] DEBUG com.credit.aspect.LoggingAspect - --> UserService.findAll() called with args=[]
2026-05-04 09:29:52 [http-nio-8080-exec-1] DEBUG org.hibernate.SQL - select u1_0.id,u1_0.password,u1_0.username from users u1_0
2026-05-04 09:29:52 [http-nio-8080-exec-1] DEBUG org.hibernate.SQL - select p1_0.id,p1_0.first_name,p1_0.last_name,p1_0.middle_name,u1_0.id,u1_0.password,u1_0.username from profiles p1_0 left join users u1_0 on u1_0.id=p1_0.user_id where p1_0.user_id=?
2026-05-04 09:29:52 [http-nio-8080-exec-1] DEBUG org.hibernate.SQL - select p1_0.id,p1_0.first_name,p1_0.last_name,p1_0.middle_name,u1_0.id,u1_0.password,u1_0.username from profiles p1_0 left join users u1_0 on u1_0.id=p1_0.user_id where p1_0.user_id=?
2026-05-04 09:29:52 [http-nio-8080-exec-1] DEBUG org.hibernate.SQL - select p1_0.id,p1_0.first_name,p1_0.last_name,p1_0.middle_name,u1_0.id,u1_0.password,u1_0.username from profiles p1_0 left join users u1_0 on u1_0.id=p1_0.user_id where p1_0.user_id=?
2026-05-04 09:29:52 [http-nio-8080-exec-1] DEBUG org.hibernate.SQL - select p1_0.id,p1_0.first_name,p1_0.last_name,p1_0.middle_name,u1_0.id,u1_0.password,u1_0.username from profiles p1_0 left join users u1_0 on u1_0.id=p1_0.user_id where p1_0.user_id=?
2026-05-04 09:29:52 [http-nio-8080-exec-1] INFO  com.credit.aspect.LoggingAspect - <-- UserService.findAll() executed in 266 ms
2026-05-04 09:30:33 [http-nio-8080-exec-3] DEBUG com.credit.aspect.LoggingAspect - --> UserService.findById() called with args=[999]
2026-05-04 09:30:33 [http-nio-8080-exec-3] DEBUG org.hibernate.SQL - select u1_0.id,u1_0.password,p1_0.id,p1_0.first_name,p1_0.last_name,p1_0.middle_name,u1_0.username from users u1_0 left join profiles p1_0 on u1_0.id=p1_0.user_id where u1_0.id=?
2026-05-04 09:30:33 [http-nio-8080-exec-3] ERROR com.credit.aspect.LoggingAspect - Exception in service layer: NotFoundException — User not found
2026-05-04 09:30:33 [http-nio-8080-exec-3] WARN  com.credit.aspect.LoggingAspect - xxx UserService.findById() failed after 24 ms: NotFoundException — User not found
2026-05-04 09:30:33 [http-nio-8080-exec-3] WARN  com.credit.exception.GlobalExceptionHandler - Not found: User not found (path=/api/users/999)
2026-05-04 09:30:45 [http-nio-8080-exec-8] DEBUG com.credit.aspect.LoggingAspect - --> UserService.findAll() called with args=[]
2026-05-04 09:30:45 [http-nio-8080-exec-8] DEBUG org.hibernate.SQL - select u1_0.id,u1_0.password,u1_0.username from users u1_0
2026-05-04 09:30:45 [http-nio-8080-exec-8] DEBUG org.hibernate.SQL - select p1_0.id,p1_0.first_name,p1_0.last_name,p1_0.middle_name,u1_0.id,u1_0.password,u1_0.username from profiles p1_0 left join users u1_0 on u1_0.id=p1_0.user_id where p1_0.user_id=?
2026-05-04 09:30:45 [http-nio-8080-exec-8] DEBUG org.hibernate.SQL - select p1_0.id,p1_0.first_name,p1_0.last_name,p1_0.middle_name,u1_0.id,u1_0.password,u1_0.username from profiles p1_0 left join users u1_0 on u1_0.id=p1_0.user_id where p1_0.user_id=?
2026-05-04 09:30:45 [http-nio-8080-exec-8] DEBUG org.hibernate.SQL - select p1_0.id,p1_0.first_name,p1_0.last_name,p1_0.middle_name,u1_0.id,u1_0.password,u1_0.username from profiles p1_0 left join users u1_0 on u1_0.id=p1_0.user_id where p1_0.user_id=?
2026-05-04 09:30:45 [http-nio-8080-exec-8] DEBUG org.hibernate.SQL - select p1_0.id,p1_0.first_name,p1_0.last_name,p1_0.middle_name,u1_0.id,u1_0.password,u1_0.username from profiles p1_0 left join users u1_0 on u1_0.id=p1_0.user_id where p1_0.user_id=?
2026-05-04 09:30:45 [http-nio-8080-exec-8] INFO  com.credit.aspect.LoggingAspect - <-- UserService.findAll() executed in 11 ms
2026-05-04 09:32:38 [http-nio-8080-exec-7] WARN  com.credit.exception.GlobalExceptionHandler - Validation failed for /api/loans: [ValidationErrorDetail(field=amount, rejectedValue=-5000.0, message=amount должен быть положительным)]
2026-05-04 09:33:22 [http-nio-8080-exec-9] DEBUG com.credit.aspect.LoggingAspect - --> UserService.findById() called with args=[999]
2026-05-04 09:33:22 [http-nio-8080-exec-9] DEBUG org.hibernate.SQL - select u1_0.id,u1_0.password,p1_0.id,p1_0.first_name,p1_0.last_name,p1_0.middle_name,u1_0.username from users u1_0 left join profiles p1_0 on u1_0.id=p1_0.user_id where u1_0.id=?
2026-05-04 09:33:22 [http-nio-8080-exec-9] ERROR com.credit.aspect.LoggingAspect - Exception in service layer: NotFoundException — User not found
2026-05-04 09:33:22 [http-nio-8080-exec-9] WARN  com.credit.aspect.LoggingAspect - xxx UserService.findById() failed after 4 ms: NotFoundException — User not found
2026-05-04 09:33:22 [http-nio-8080-exec-9] WARN  com.credit.exception.GlobalExceptionHandler - Not found: User not found (path=/api/users/999)
2026-05-04 09:34:42 [http-nio-8080-exec-1] WARN  com.credit.exception.GlobalExceptionHandler - Validation failed for /api/loans: [ValidationErrorDetail(field=amount, rejectedValue=-5000.0, message=amount должен быть положительным)]
2026-05-04 09:34:52 [http-nio-8080-exec-8] DEBUG com.credit.aspect.LoggingAspect - --> LoanService.create() called with args=[LoanDto(id=null, amount=5000.0, currentState=CLOSED, lastUpdate=null, profile=null, categories=null)]
2026-05-04 09:34:52 [http-nio-8080-exec-8] DEBUG org.hibernate.SQL - insert into loans (amount,current_state,last_update,client_id) values (?,?,?,?)
2026-05-04 09:34:52 [http-nio-8080-exec-8] INFO  com.credit.cache.LoanCache - CACHE CLEARED
2026-05-04 09:34:52 [http-nio-8080-exec-8] INFO  com.credit.aspect.LoggingAspect - <-- LoanService.create() executed in 71 ms
2026-05-04 09:35:10 [http-nio-8080-exec-10] DEBUG com.credit.aspect.LoggingAspect - --> LoanService.findAll() called with args=[Page request [number: 0, size 10, sort: id: ASC]]
2026-05-04 09:35:10 [http-nio-8080-exec-10] WARN  org.hibernate.orm.query - HHH90003004: firstResult/maxResults specified with collection fetch; applying in memory
2026-05-04 09:35:10 [http-nio-8080-exec-10] DEBUG org.hibernate.SQL - select l1_0.id,l1_0.amount,c1_0.loan_id,c1_1.id,c1_1.name,c1_1.rate,l1_0.current_state,l1_0.last_update,p1_0.id,p1_0.first_name,p1_0.last_name,p1_0.middle_name,p1_0.user_id from loans l1_0 left join loan_categories_map c1_0 on l1_0.id=c1_0.loan_id left join categories c1_1 on c1_1.id=c1_0.category_id left join profiles p1_0 on p1_0.id=l1_0.client_id order by l1_0.id
2026-05-04 09:35:10 [http-nio-8080-exec-10] INFO  com.credit.aspect.LoggingAspect - <-- LoanService.findAll() executed in 92 ms
2026-05-04 09:35:22 [http-nio-8080-exec-6] DEBUG com.credit.aspect.LoggingAspect - --> LoanService.deleteById() called with args=[11]
2026-05-04 09:35:22 [http-nio-8080-exec-6] DEBUG org.hibernate.SQL - select l1_0.id,l1_0.amount,l1_0.current_state,l1_0.last_update,l1_0.client_id from loans l1_0 where l1_0.id=?
2026-05-04 09:35:22 [http-nio-8080-exec-6] DEBUG org.hibernate.SQL - select c1_0.loan_id,c1_1.id,c1_1.name,c1_1.rate from loan_categories_map c1_0 join categories c1_1 on c1_1.id=c1_0.category_id where c1_0.loan_id=?
2026-05-04 09:35:22 [http-nio-8080-exec-6] INFO  com.credit.cache.LoanCache - CACHE CLEARED
2026-05-04 09:35:22 [http-nio-8080-exec-6] INFO  com.credit.aspect.LoggingAspect - <-- LoanService.deleteById() executed in 29 ms
2026-05-04 09:35:22 [http-nio-8080-exec-6] DEBUG org.hibernate.SQL - delete from loans where id=?
2026-05-04 09:35:29 [http-nio-8080-exec-7] DEBUG com.credit.aspect.LoggingAspect - --> UserService.findAll() called with args=[]
2026-05-04 09:35:29 [http-nio-8080-exec-7] DEBUG org.hibernate.SQL - select u1_0.id,u1_0.password,u1_0.username from users u1_0
2026-05-04 09:35:29 [http-nio-8080-exec-7] DEBUG org.hibernate.SQL - select p1_0.id,p1_0.first_name,p1_0.last_name,p1_0.middle_name,u1_0.id,u1_0.password,u1_0.username from profiles p1_0 left join users u1_0 on u1_0.id=p1_0.user_id where p1_0.user_id=?
2026-05-04 09:35:29 [http-nio-8080-exec-7] DEBUG org.hibernate.SQL - select p1_0.id,p1_0.first_name,p1_0.last_name,p1_0.middle_name,u1_0.id,u1_0.password,u1_0.username from profiles p1_0 left join users u1_0 on u1_0.id=p1_0.user_id where p1_0.user_id=?
2026-05-04 09:35:29 [http-nio-8080-exec-7] DEBUG org.hibernate.SQL - select p1_0.id,p1_0.first_name,p1_0.last_name,p1_0.middle_name,u1_0.id,u1_0.password,u1_0.username from profiles p1_0 left join users u1_0 on u1_0.id=p1_0.user_id where p1_0.user_id=?
2026-05-04 09:35:29 [http-nio-8080-exec-7] DEBUG org.hibernate.SQL - select p1_0.id,p1_0.first_name,p1_0.last_name,p1_0.middle_name,u1_0.id,u1_0.password,u1_0.username from profiles p1_0 left join users u1_0 on u1_0.id=p1_0.user_id where p1_0.user_id=?
2026-05-04 09:35:29 [http-nio-8080-exec-7] INFO  com.credit.aspect.LoggingAspect - <-- UserService.findAll() executed in 13 ms
2026-05-04 09:35:33 [http-nio-8080-exec-2] DEBUG com.credit.aspect.LoggingAspect - --> LoanService.findAll() called with args=[Page request [number: 0, size 10, sort: id: ASC]]
2026-05-04 09:35:33 [http-nio-8080-exec-2] WARN  org.hibernate.orm.query - HHH90003004: firstResult/maxResults specified with collection fetch; applying in memory
2026-05-04 09:35:33 [http-nio-8080-exec-2] DEBUG org.hibernate.SQL - select l1_0.id,l1_0.amount,c1_0.loan_id,c1_1.id,c1_1.name,c1_1.rate,l1_0.current_state,l1_0.last_update,p1_0.id,p1_0.first_name,p1_0.last_name,p1_0.middle_name,p1_0.user_id from loans l1_0 left join loan_categories_map c1_0 on l1_0.id=c1_0.loan_id left join categories c1_1 on c1_1.id=c1_0.category_id left join profiles p1_0 on p1_0.id=l1_0.client_id order by l1_0.id
2026-05-04 09:35:33 [http-nio-8080-exec-2] INFO  com.credit.aspect.LoggingAspect - <-- LoanService.findAll() executed in 17 ms
2026-05-04 09:37:10 [http-nio-8080-exec-4] WARN  com.credit.exception.GlobalExceptionHandler - Validation failed for /api/profiles/test-transaction: [ValidationErrorDetail(field=contacts[0].profileId, rejectedValue=null, message=profileId обязателен), ValidationErrorDetail(field=contacts[1].phone, rejectedValue=222, message=Некорректный формат телефона), ValidationErrorDetail(field=contacts[1].profileId, rejectedValue=null, message=profileId обязателен), ValidationErrorDetail(field=contacts[0].phone, rejectedValue=111, message=Некорректный формат телефона)]
2026-05-04 09:38:12 [http-nio-8080-exec-3] WARN  com.credit.exception.GlobalExceptionHandler - Validation failed for /api/profiles/test-transaction: [ValidationErrorDetail(field=contacts[1].phone, rejectedValue=222, message=Некорректный формат телефона), ValidationErrorDetail(field=contacts[1].profileId, rejectedValue=null, message=profileId обязателен), ValidationErrorDetail(field=contacts[0].profileId, rejectedValue=null, message=profileId обязателен)]
2026-05-04 09:40:16 [http-nio-8080-exec-10] DEBUG com.credit.aspect.LoggingAspect - --> ProfileService.findAll() called with args=[]
2026-05-04 09:40:16 [http-nio-8080-exec-10] DEBUG org.hibernate.SQL - select p1_0.id,p1_0.first_name,p1_0.last_name,p1_0.middle_name,p1_0.user_id from profiles p1_0
2026-05-04 09:40:16 [http-nio-8080-exec-10] DEBUG org.hibernate.SQL - select u1_0.id,u1_0.password,p1_0.id,p1_0.first_name,p1_0.last_name,p1_0.middle_name,u1_0.username from users u1_0 left join profiles p1_0 on u1_0.id=p1_0.user_id where u1_0.id=?
2026-05-04 09:40:16 [http-nio-8080-exec-10] DEBUG org.hibernate.SQL - select u1_0.id,u1_0.password,p1_0.id,p1_0.first_name,p1_0.last_name,p1_0.middle_name,u1_0.username from users u1_0 left join profiles p1_0 on u1_0.id=p1_0.user_id where u1_0.id=?
2026-05-04 09:40:16 [http-nio-8080-exec-10] DEBUG org.hibernate.SQL - select u1_0.id,u1_0.password,p1_0.id,p1_0.first_name,p1_0.last_name,p1_0.middle_name,u1_0.username from users u1_0 left join profiles p1_0 on u1_0.id=p1_0.user_id where u1_0.id=?
2026-05-04 09:40:16 [http-nio-8080-exec-10] DEBUG org.hibernate.SQL - select u1_0.id,u1_0.password,p1_0.id,p1_0.first_name,p1_0.last_name,p1_0.middle_name,u1_0.username from users u1_0 left join profiles p1_0 on u1_0.id=p1_0.user_id where u1_0.id=?
2026-05-04 09:40:16 [http-nio-8080-exec-10] INFO  com.credit.aspect.LoggingAspect - <-- ProfileService.findAll() executed in 19 ms
2026-05-04 09:40:27 [http-nio-8080-exec-6] DEBUG com.credit.aspect.LoggingAspect - --> ContactService.findAll() called with args=[]
2026-05-04 09:40:27 [http-nio-8080-exec-6] DEBUG org.hibernate.SQL - select c1_0.id,c1_0.email,c1_0.phone,c1_0.client_id from contacts c1_0
2026-05-04 09:40:27 [http-nio-8080-exec-6] INFO  com.credit.aspect.LoggingAspect - <-- ContactService.findAll() executed in 8 ms
2026-05-04 09:41:22 [http-nio-8080-exec-7] WARN  com.credit.exception.GlobalExceptionHandler - Validation failed for /api/profiles/test-transaction: [ValidationErrorDetail(field=contacts[2].phone, rejectedValue=222, message=Некорректный формат телефона), ValidationErrorDetail(field=contacts[1].profileId, rejectedValue=null, message=profileId обязателен), ValidationErrorDetail(field=contacts[2].profileId, rejectedValue=null, message=profileId обязателен)]
2026-05-04 09:41:34 [http-nio-8080-exec-9] WARN  com.credit.exception.GlobalExceptionHandler - Validation failed for /api/profiles/test-transaction: [ValidationErrorDetail(field=contacts[2].profileId, rejectedValue=null, message=profileId обязателен), ValidationErrorDetail(field=contacts[2].phone, rejectedValue=222, message=Некорректный формат телефона), ValidationErrorDetail(field=contacts[1].profileId, rejectedValue=null, message=profileId обязателен)]
2026-05-04 09:42:10 [http-nio-8080-exec-4] WARN  com.credit.exception.GlobalExceptionHandler - Validation failed for /api/profiles/test-transaction: [ValidationErrorDetail(field=contacts[1].phone, rejectedValue=222, message=Некорректный формат телефона), ValidationErrorDetail(field=contacts[1].profileId, rejectedValue=null, message=profileId обязателен)]
2026-05-04 09:46:39 [SpringApplicationShutdownHook] INFO  org.springframework.boot.tomcat.GracefulShutdown - Commencing graceful shutdown. Waiting for active requests to complete
2026-05-04 09:46:39 [tomcat-shutdown] INFO  org.springframework.boot.tomcat.GracefulShutdown - Graceful shutdown complete
2026-05-04 09:46:39 [SpringApplicationShutdownHook] INFO  org.springframework.orm.jpa.LocalContainerEntityManagerFactoryBean - Closing JPA EntityManagerFactory for persistence unit 'default'
2026-05-04 09:46:39 [SpringApplicationShutdownHook] INFO  com.zaxxer.hikari.HikariDataSource - HikariPool-1 - Shutdown initiated...
2026-05-04 09:46:39 [SpringApplicationShutdownHook] INFO  com.zaxxer.hikari.HikariDataSource - HikariPool-1 - Shutdown completed.
